07_10_2017 10_59_08 : Nove pripojenia na MySQL databazy: , 3160006223, 3160006224
07_10_2017 11_01_45 : Mazanie suboru po odoslani dat
10_02_2018 05_09_59 : Zmena hardwaroveho c. : ( 000BABADEB84 ) na ( 00010524B0D7
10_02_2018 05_10_02 : Nove pripojenia na MySQL databazy: , 3160100109A, 3160100109B
10_02_2018 05_11_14 : Chyba nacitania suboru C:\Documents and Settings\Administrator\Desktop\TC_Konektor\Data\OEE.txt: 0. Premiestnujem do C:\Documents and Settings\Administrator\Desktop\TC_Konektor\Data\Backup\OEE_10/02/2018 05:11:12.txt
10_02_2018 05_11_17 : Chyba nacitania suboru C:\Documents and Settings\Administrator\Desktop\TC_Konektor\Data\OEE.txt: 0. Premiestnujem do C:\Documents and Settings\Administrator\Desktop\TC_Konektor\Data\Backup\OEE_10/02/2018 05:11:15.txt
10_02_2018 05_11_20 : Chyba nacitania suboru C:\Documents and Settings\Administrator\Desktop\TC_Konektor\Data\OEE.txt: 0. Premiestnujem do C:\Documents and Settings\Administrator\Desktop\TC_Konektor\Data\Backup\OEE_10/02/2018 05:11:18.txt
10_02_2018 05_11_23 : Chyba nacitania suboru C:\Documents and Settings\Administrator\Desktop\TC_Konektor\Data\OEE.txt: 0. Premiestnujem do C:\Documents and Settings\Administrator\Desktop\TC_Konektor\Data\Backup\OEE_10/02/2018 05:11:21.txt
10_02_2018 05_11_26 : Chyba nacitania suboru C:\Documents and Settings\Administrator\Desktop\TC_Konektor\Data\OEE.txt: 0. Premiestnujem do C:\Documents and Settings\Administrator\Desktop\TC_Konektor\Data\Backup\OEE_10/02/2018 05:11:24.txt
10_02_2018 05_11_29 : Chyba nacitania suboru C:\Documents and Settings\Administrator\Desktop\TC_Konektor\Data\OEE.txt: 0. Premiestnujem do C:\Documents and Settings\Administrator\Desktop\TC_Konektor\Data\Backup\OEE_10/02/2018 05:11:27.txt
10_02_2018 05_11_32 : Chyba nacitania suboru C:\Documents and Settings\Administrator\Desktop\TC_Konektor\Data\OEE.txt: 0. Premiestnujem do C:\Documents and Settings\Administrator\Desktop\TC_Konektor\Data\Backup\OEE_10/02/2018 05:11:30.txt
10_02_2018 05_11_35 : Chyba nacitania suboru C:\Documents and Settings\Administrator\Desktop\TC_Konektor\Data\OEE.txt: 0. Premiestnujem do C:\Documents and Settings\Administrator\Desktop\TC_Konektor\Data\Backup\OEE_10/02/2018 05:11:33.txt
10_02_2018 05_11_38 : Chyba nacitania suboru C:\Documents and Settings\Administrator\Desktop\TC_Konektor\Data\OEE.txt: 0. Premiestnujem do C:\Documents and Settings\Administrator\Desktop\TC_Konektor\Data\Backup\OEE_10/02/2018 05:11:36.txt
10_02_2018 05_11_41 : Chyba nacitania suboru C:\Documents and Settings\Administrator\Desktop\TC_Konektor\Data\OEE.txt: 0. Premiestnujem do C:\Documents and Settings\Administrator\Desktop\TC_Konektor\Data\Backup\OEE_10/02/2018 05:11:39.txt
10_02_2018 05_11_44 : Chyba nacitania suboru C:\Documents and Settings\Administrator\Desktop\TC_Konektor\Data\OEE.txt: 0. Premiestnujem do C:\Documents and Settings\Administrator\Desktop\TC_Konektor\Data\Backup\OEE_10/02/2018 05:11:42.txt
10_02_2018 05_11_47 : Chyba nacitania suboru C:\Documents and Settings\Administrator\Desktop\TC_Konektor\Data\OEE.txt: 0. Premiestnujem do C:\Documents and Settings\Administrator\Desktop\TC_Konektor\Data\Backup\OEE_10/02/2018 05:11:45.txt
10_02_2018 05_11_50 : Chyba nacitania suboru C:\Documents and Settings\Administrator\Desktop\TC_Konektor\Data\OEE.txt: 0. Premiestnujem do C:\Documents and Settings\Administrator\Desktop\TC_Konektor\Data\Backup\OEE_10/02/2018 05:11:48.txt
10_02_2018 05_11_53 : Chyba nacitania suboru C:\Documents and Settings\Administrator\Desktop\TC_Konektor\Data\OEE.txt: 0. Premiestnujem do C:\Documents and Settings\Administrator\Desktop\TC_Konektor\Data\Backup\OEE_10/02/2018 05:11:51.txt
10_02_2018 05_11_56 : Chyba nacitania suboru C:\Documents and Settings\Administrator\Desktop\TC_Konektor\Data\OEE.txt: 0. Premiestnujem do C:\Documents and Settings\Administrator\Desktop\TC_Konektor\Data\Backup\OEE_10/02/2018 05:11:54.txt
10_02_2018 05_11_59 : Chyba nacitania suboru C:\Documents and Settings\Administrator\Desktop\TC_Konektor\Data\OEE.txt: 0. Premiestnujem do C:\Documents and Settings\Administrator\Desktop\TC_Konektor\Data\Backup\OEE_10/02/2018 05:11:57.txt
10_02_2018 05_12_02 : Chyba nacitania suboru C:\Documents and Settings\Administrator\Desktop\TC_Konektor\Data\OEE.txt: 0. Premiestnujem do C:\Documents and Settings\Administrator\Desktop\TC_Konektor\Data\Backup\OEE_10/02/2018 05:12:00.txt
10_02_2018 05_12_05 : Chyba nacitania suboru C:\Documents and Settings\Administrator\Desktop\TC_Konektor\Data\OEE.txt: 0. Premiestnujem do C:\Documents and Settings\Administrator\Desktop\TC_Konektor\Data\Backup\OEE_10/02/2018 05:12:03.txt
10_02_2018 05_12_08 : Chyba nacitania suboru C:\Documents and Settings\Administrator\Desktop\TC_Konektor\Data\OEE.txt: 0. Premiestnujem do C:\Documents and Settings\Administrator\Desktop\TC_Konektor\Data\Backup\OEE_10/02/2018 05:12:06.txt
10_02_2018 05_12_12 : Chyba nacitania suboru C:\Documents and Settings\Administrator\Desktop\TC_Konektor\Data\OEE.txt: 0. Premiestnujem do C:\Documents and Settings\Administrator\Desktop\TC_Konektor\Data\Backup\OEE_10/02/2018 05:12:10.txt
10_02_2018 05_12_15 : Chyba nacitania suboru C:\Documents and Settings\Administrator\Desktop\TC_Konektor\Data\OEE.txt: 0. Premiestnujem do C:\Documents and Settings\Administrator\Desktop\TC_Konektor\Data\Backup\OEE_10/02/2018 05:12:13.txt
10_02_2018 05_12_18 : Chyba nacitania suboru C:\Documents and Settings\Administrator\Desktop\TC_Konektor\Data\OEE.txt: 0. Premiestnujem do C:\Documents and Settings\Administrator\Desktop\TC_Konektor\Data\Backup\OEE_10/02/2018 05:12:16.txt
10_02_2018 05_12_21 : Chyba nacitania suboru C:\Documents and Settings\Administrator\Desktop\TC_Konektor\Data\OEE.txt: 0. Premiestnujem do C:\Documents and Settings\Administrator\Desktop\TC_Konektor\Data\Backup\OEE_10/02/2018 05:12:19.txt
10_02_2018 05_12_24 : Chyba nacitania suboru C:\Documents and Settings\Administrator\Desktop\TC_Konektor\Data\OEE.txt: 0. Premiestnujem do C:\Documents and Settings\Administrator\Desktop\TC_Konektor\Data\Backup\OEE_10/02/2018 05:12:22.txt
10_02_2018 05_12_27 : Chyba nacitania suboru C:\Documents and Settings\Administrator\Desktop\TC_Konektor\Data\OEE.txt: 0. Premiestnujem do C:\Documents and Settings\Administrator\Desktop\TC_Konektor\Data\Backup\OEE_10/02/2018 05:12:25.txt
10_02_2018 05_12_30 : Chyba nacitania suboru C:\Documents and Settings\Administrator\Desktop\TC_Konektor\Data\OEE.txt: 0. Premiestnujem do C:\Documents and Settings\Administrator\Desktop\TC_Konektor\Data\Backup\OEE_10/02/2018 05:12:28.txt
10_02_2018 05_12_33 : Chyba nacitania suboru C:\Documents and Settings\Administrator\Desktop\TC_Konektor\Data\OEE.txt: 0. Premiestnujem do C:\Documents and Settings\Administrator\Desktop\TC_Konektor\Data\Backup\OEE_10/02/2018 05:12:31.txt
10_02_2018 05_12_36 : Chyba nacitania suboru C:\Documents and Settings\Administrator\Desktop\TC_Konektor\Data\OEE.txt: 0. Premiestnujem do C:\Documents and Settings\Administrator\Desktop\TC_Konektor\Data\Backup\OEE_10/02/2018 05:12:34.txt
10_02_2018 05_12_39 : Chyba nacitania suboru C:\Documents and Settings\Administrator\Desktop\TC_Konektor\Data\OEE.txt: 0. Premiestnujem do C:\Documents and Settings\Administrator\Desktop\TC_Konektor\Data\Backup\OEE_10/02/2018 05:12:37.txt
10_02_2018 05_12_42 : Chyba nacitania suboru C:\Documents and Settings\Administrator\Desktop\TC_Konektor\Data\OEE.txt: 0. Premiestnujem do C:\Documents and Settings\Administrator\Desktop\TC_Konektor\Data\Backup\OEE_10/02/2018 05:12:40.txt
10_02_2018 05_12_45 : Chyba nacitania suboru C:\Documents and Settings\Administrator\Desktop\TC_Konektor\Data\OEE.txt: 0. Premiestnujem do C:\Documents and Settings\Administrator\Desktop\TC_Konektor\Data\Backup\OEE_10/02/2018 05:12:43.txt
10_02_2018 05_12_48 : Chyba nacitania suboru C:\Documents and Settings\Administrator\Desktop\TC_Konektor\Data\OEE.txt: 0. Premiestnujem do C:\Documents and Settings\Administrator\Desktop\TC_Konektor\Data\Backup\OEE_10/02/2018 05:12:46.txt
10_02_2018 05_12_51 : Chyba nacitania suboru C:\Documents and Settings\Administrator\Desktop\TC_Konektor\Data\OEE.txt: 0. Premiestnujem do C:\Documents and Settings\Administrator\Desktop\TC_Konektor\Data\Backup\OEE_10/02/2018 05:12:49.txt
10_02_2018 05_12_54 : Chyba nacitania suboru C:\Documents and Settings\Administrator\Desktop\TC_Konektor\Data\OEE.txt: 0. Premiestnujem do C:\Documents and Settings\Administrator\Desktop\TC_Konektor\Data\Backup\OEE_10/02/2018 05:12:52.txt
10_02_2018 05_12_57 : Chyba nacitania suboru C:\Documents and Settings\Administrator\Desktop\TC_Konektor\Data\OEE.txt: 0. Premiestnujem do C:\Documents and Settings\Administrator\Desktop\TC_Konektor\Data\Backup\OEE_10/02/2018 05:12:55.txt
10_02_2018 05_13_00 : Chyba nacitania suboru C:\Documents and Settings\Administrator\Desktop\TC_Konektor\Data\OEE.txt: 0. Premiestnujem do C:\Documents and Settings\Administrator\Desktop\TC_Konektor\Data\Backup\OEE_10/02/2018 05:12:58.txt
10_02_2018 05_13_03 : Chyba nacitania suboru C:\Documents and Settings\Administrator\Desktop\TC_Konektor\Data\OEE.txt: 0. Premiestnujem do C:\Documents and Settings\Administrator\Desktop\TC_Konektor\Data\Backup\OEE_10/02/2018 05:13:01.txt
10_02_2018 05_13_06 : Chyba nacitania suboru C:\Documents and Settings\Administrator\Desktop\TC_Konektor\Data\OEE.txt: 0. Premiestnujem do C:\Documents and Settings\Administrator\Desktop\TC_Konektor\Data\Backup\OEE_10/02/2018 05:13:04.txt
10_02_2018 05_13_09 : Chyba nacitania suboru C:\Documents and Settings\Administrator\Desktop\TC_Konektor\Data\OEE.txt: 0. Premiestnujem do C:\Documents and Settings\Administrator\Desktop\TC_Konektor\Data\Backup\OEE_10/02/2018 05:13:07.txt
10_02_2018 05_13_12 : Chyba nacitania suboru C:\Documents and Settings\Administrator\Desktop\TC_Konektor\Data\OEE.txt: 0. Premiestnujem do C:\Documents and Settings\Administrator\Desktop\TC_Konektor\Data\Backup\OEE_10/02/2018 05:13:10.txt
10_02_2018 05_13_15 : Chyba nacitania suboru C:\Documents and Settings\Administrator\Desktop\TC_Konektor\Data\OEE.txt: 0. Premiestnujem do C:\Documents and Settings\Administrator\Desktop\TC_Konektor\Data\Backup\OEE_10/02/2018 05:13:13.txt
10_02_2018 05_13_18 : Chyba nacitania suboru C:\Documents and Settings\Administrator\Desktop\TC_Konektor\Data\OEE.txt: 0. Premiestnujem do C:\Documents and Settings\Administrator\Desktop\TC_Konektor\Data\Backup\OEE_10/02/2018 05:13:16.txt
10_02_2018 05_13_21 : Chyba nacitania suboru C:\Documents and Settings\Administrator\Desktop\TC_Konektor\Data\OEE.txt: 0. Premiestnujem do C:\Documents and Settings\Administrator\Desktop\TC_Konektor\Data\Backup\OEE_10/02/2018 05:13:19.txt
10_02_2018 05_13_24 : Chyba nacitania suboru C:\Documents and Settings\Administrator\Desktop\TC_Konektor\Data\OEE.txt: 0. Premiestnujem do C:\Documents and Settings\Administrator\Desktop\TC_Konektor\Data\Backup\OEE_10/02/2018 05:13:22.txt
10_02_2018 05_13_27 : Chyba nacitania suboru C:\Documents and Settings\Administrator\Desktop\TC_Konektor\Data\OEE.txt: 0. Premiestnujem do C:\Documents and Settings\Administrator\Desktop\TC_Konektor\Data\Backup\OEE_10/02/2018 05:13:25.txt
10_02_2018 05_13_30 : Chyba nacitania suboru C:\Documents and Settings\Administrator\Desktop\TC_Konektor\Data\OEE.txt: 0. Premiestnujem do C:\Documents and Settings\Administrator\Desktop\TC_Konektor\Data\Backup\OEE_10/02/2018 05:13:28.txt
10_02_2018 05_13_33 : Chyba nacitania suboru C:\Documents and Settings\Administrator\Desktop\TC_Konektor\Data\OEE.txt: 0. Premiestnujem do C:\Documents and Settings\Administrator\Desktop\TC_Konektor\Data\Backup\OEE_10/02/2018 05:13:31.txt
10_02_2018 05_13_36 : Chyba nacitania suboru C:\Documents and Settings\Administrator\Desktop\TC_Konektor\Data\OEE.txt: 0. Premiestnujem do C:\Documents and Settings\Administrator\Desktop\TC_Konektor\Data\Backup\OEE_10/02/2018 05:13:34.txt
10_02_2018 05_13_39 : Chyba nacitania suboru C:\Documents and Settings\Administrator\Desktop\TC_Konektor\Data\OEE.txt: 0. Premiestnujem do C:\Documents and Settings\Administrator\Desktop\TC_Konektor\Data\Backup\OEE_10/02/2018 05:13:37.txt
10_02_2018 05_13_42 : Chyba nacitania suboru C:\Documents and Settings\Administrator\Desktop\TC_Konektor\Data\OEE.txt: 0. Premiestnujem do C:\Documents and Settings\Administrator\Desktop\TC_Konektor\Data\Backup\OEE_10/02/2018 05:13:40.txt
10_02_2018 05_13_45 : Chyba nacitania suboru C:\Documents and Settings\Administrator\Desktop\TC_Konektor\Data\OEE.txt: 0. Premiestnujem do C:\Documents and Settings\Administrator\Desktop\TC_Konektor\Data\Backup\OEE_10/02/2018 05:13:43.txt
10_02_2018 05_13_48 : Chyba nacitania suboru C:\Documents and Settings\Administrator\Desktop\TC_Konektor\Data\OEE.txt: 0. Premiestnujem do C:\Documents and Settings\Administrator\Desktop\TC_Konektor\Data\Backup\OEE_10/02/2018 05:13:46.txt
10_02_2018 05_13_51 : Chyba nacitania suboru C:\Documents and Settings\Administrator\Desktop\TC_Konektor\Data\OEE.txt: 0. Premiestnujem do C:\Documents and Settings\Administrator\Desktop\TC_Konektor\Data\Backup\OEE_10/02/2018 05:13:49.txt
10_02_2018 05_13_55 : Chyba nacitania suboru C:\Documents and Settings\Administrator\Desktop\TC_Konektor\Data\OEE.txt: 0. Premiestnujem do C:\Documents and Settings\Administrator\Desktop\TC_Konektor\Data\Backup\OEE_10/02/2018 05:13:52.txt
10_02_2018 05_13_58 : Chyba nacitania suboru C:\Documents and Settings\Administrator\Desktop\TC_Konektor\Data\OEE.txt: 0. Premiestnujem do C:\Documents and Settings\Administrator\Desktop\TC_Konektor\Data\Backup\OEE_10/02/2018 05:13:56.txt
10_02_2018 05_14_01 : Chyba nacitania suboru C:\Documents and Settings\Administrator\Desktop\TC_Konektor\Data\OEE.txt: 0. Premiestnujem do C:\Documents and Settings\Administrator\Desktop\TC_Konektor\Data\Backup\OEE_10/02/2018 05:13:59.txt
10_02_2018 05_14_04 : Chyba nacitania suboru C:\Documents and Settings\Administrator\Desktop\TC_Konektor\Data\OEE.txt: 0. Premiestnujem do C:\Documents and Settings\Administrator\Desktop\TC_Konektor\Data\Backup\OEE_10/02/2018 05:14:02.txt
10_02_2018 05_14_04 : Zmena hardwaroveho c. : ( 00010524B0D7 ) na ( 
10_02_2018 05_14_06 : Chyba nacitania suboru C:\Documents and Settings\Administrator\Desktop\TC_Konektor\Data\OEE.txt: 0. Premiestnujem do C:\Documents and Settings\Administrator\Desktop\TC_Konektor\Data\Backup\OEE_10/02/2018 05:14:04.txt
10_02_2018 05_14_09 : Chyba nacitania suboru C:\Documents and Settings\Administrator\Desktop\TC_Konektor\Data\OEE.txt: 0. Premiestnujem do C:\Documents and Settings\Administrator\Desktop\TC_Konektor\Data\Backup\OEE_10/02/2018 05:14:07.txt
10_02_2018 05_14_12 : Chyba nacitania suboru C:\Documents and Settings\Administrator\Desktop\TC_Konektor\Data\OEE.txt: 0. Premiestnujem do C:\Documents and Settings\Administrator\Desktop\TC_Konektor\Data\Backup\OEE_10/02/2018 05:14:10.txt
10_02_2018 05_14_15 : Chyba nacitania suboru C:\Documents and Settings\Administrator\Desktop\TC_Konektor\Data\OEE.txt: 0. Premiestnujem do C:\Documents and Settings\Administrator\Desktop\TC_Konektor\Data\Backup\OEE_10/02/2018 05:14:13.txt
10_02_2018 05_14_18 : Chyba nacitania suboru C:\Documents and Settings\Administrator\Desktop\TC_Konektor\Data\OEE.txt: 0. Premiestnujem do C:\Documents and Settings\Administrator\Desktop\TC_Konektor\Data\Backup\OEE_10/02/2018 05:14:16.txt
10_02_2018 05_14_21 : Chyba nacitania suboru C:\Documents and Settings\Administrator\Desktop\TC_Konektor\Data\OEE.txt: 0. Premiestnujem do C:\Documents and Settings\Administrator\Desktop\TC_Konektor\Data\Backup\OEE_10/02/2018 05:14:19.txt
10_02_2018 05_14_24 : Chyba nacitania suboru C:\Documents and Settings\Administrator\Desktop\TC_Konektor\Data\OEE.txt: 0. Premiestnujem do C:\Documents and Settings\Administrator\Desktop\TC_Konektor\Data\Backup\OEE_10/02/2018 05:14:22.txt
10_02_2018 05_14_27 : Chyba nacitania suboru C:\Documents and Settings\Administrator\Desktop\TC_Konektor\Data\OEE.txt: 0. Premiestnujem do C:\Documents and Settings\Administrator\Desktop\TC_Konektor\Data\Backup\OEE_10/02/2018 05:14:25.txt
10_02_2018 05_14_30 : Chyba nacitania suboru C:\Documents and Settings\Administrator\Desktop\TC_Konektor\Data\OEE.txt: 0. Premiestnujem do C:\Documents and Settings\Administrator\Desktop\TC_Konektor\Data\Backup\OEE_10/02/2018 05:14:28.txt
10_02_2018 05_14_33 : Chyba nacitania suboru C:\Documents and Settings\Administrator\Desktop\TC_Konektor\Data\OEE.txt: 0. Premiestnujem do C:\Documents and Settings\Administrator\Desktop\TC_Konektor\Data\Backup\OEE_10/02/2018 05:14:31.txt
10_02_2018 05_14_36 : Chyba nacitania suboru C:\Documents and Settings\Administrator\Desktop\TC_Konektor\Data\OEE.txt: 0. Premiestnujem do C:\Documents and Settings\Administrator\Desktop\TC_Konektor\Data\Backup\OEE_10/02/2018 05:14:34.txt
10_02_2018 05_14_39 : Chyba nacitania suboru C:\Documents and Settings\Administrator\Desktop\TC_Konektor\Data\OEE.txt: 0. Premiestnujem do C:\Documents and Settings\Administrator\Desktop\TC_Konektor\Data\Backup\OEE_10/02/2018 05:14:37.txt
10_02_2018 05_14_42 : Chyba nacitania suboru C:\Documents and Settings\Administrator\Desktop\TC_Konektor\Data\OEE.txt: 0. Premiestnujem do C:\Documents and Settings\Administrator\Desktop\TC_Konektor\Data\Backup\OEE_10/02/2018 05:14:40.txt
10_02_2018 05_14_45 : Chyba nacitania suboru C:\Documents and Settings\Administrator\Desktop\TC_Konektor\Data\OEE.txt: 0. Premiestnujem do C:\Documents and Settings\Administrator\Desktop\TC_Konektor\Data\Backup\OEE_10/02/2018 05:14:43.txt
10_02_2018 05_14_49 : Chyba nacitania suboru C:\Documents and Settings\Administrator\Desktop\TC_Konektor\Data\OEE.txt: 0. Premiestnujem do C:\Documents and Settings\Administrator\Desktop\TC_Konektor\Data\Backup\OEE_10/02/2018 05:14:47.txt
10_02_2018 05_14_52 : Chyba nacitania suboru C:\Documents and Settings\Administrator\Desktop\TC_Konektor\Data\OEE.txt: 0. Premiestnujem do C:\Documents and Settings\Administrator\Desktop\TC_Konektor\Data\Backup\OEE_10/02/2018 05:14:50.txt
10_02_2018 05_14_55 : Chyba nacitania suboru C:\Documents and Settings\Administrator\Desktop\TC_Konektor\Data\OEE.txt: 0. Premiestnujem do C:\Documents and Settings\Administrator\Desktop\TC_Konektor\Data\Backup\OEE_10/02/2018 05:14:53.txt
10_02_2018 05_14_58 : Chyba nacitania suboru C:\Documents and Settings\Administrator\Desktop\TC_Konektor\Data\OEE.txt: 0. Premiestnujem do C:\Documents and Settings\Administrator\Desktop\TC_Konektor\Data\Backup\OEE_10/02/2018 05:14:56.txt
10_02_2018 05_15_01 : Chyba nacitania suboru C:\Documents and Settings\Administrator\Desktop\TC_Konektor\Data\OEE.txt: 0. Premiestnujem do C:\Documents and Settings\Administrator\Desktop\TC_Konektor\Data\Backup\OEE_10/02/2018 05:14:59.txt
10_02_2018 05_15_04 : Chyba nacitania suboru C:\Documents and Settings\Administrator\Desktop\TC_Konektor\Data\OEE.txt: 0. Premiestnujem do C:\Documents and Settings\Administrator\Desktop\TC_Konektor\Data\Backup\OEE_10/02/2018 05:15:02.txt
10_02_2018 05_15_07 : Chyba nacitania suboru C:\Documents and Settings\Administrator\Desktop\TC_Konektor\Data\OEE.txt: 0. Premiestnujem do C:\Documents and Settings\Administrator\Desktop\TC_Konektor\Data\Backup\OEE_10/02/2018 05:15:05.txt
10_02_2018 05_15_10 : Chyba nacitania suboru C:\Documents and Settings\Administrator\Desktop\TC_Konektor\Data\OEE.txt: 0. Premiestnujem do C:\Documents and Settings\Administrator\Desktop\TC_Konektor\Data\Backup\OEE_10/02/2018 05:15:08.txt
10_02_2018 05_15_13 : Chyba nacitania suboru C:\Documents and Settings\Administrator\Desktop\TC_Konektor\Data\OEE.txt: 0. Premiestnujem do C:\Documents and Settings\Administrator\Desktop\TC_Konektor\Data\Backup\OEE_10/02/2018 05:15:11.txt
10_02_2018 05_15_16 : Chyba nacitania suboru C:\Documents and Settings\Administrator\Desktop\TC_Konektor\Data\OEE.txt: 0. Premiestnujem do C:\Documents and Settings\Administrator\Desktop\TC_Konektor\Data\Backup\OEE_10/02/2018 05:15:14.txt
10_02_2018 05_15_19 : Chyba nacitania suboru C:\Documents and Settings\Administrator\Desktop\TC_Konektor\Data\OEE.txt: 0. Premiestnujem do C:\Documents and Settings\Administrator\Desktop\TC_Konektor\Data\Backup\OEE_10/02/2018 05:15:17.txt
10_02_2018 05_15_22 : Chyba nacitania suboru C:\Documents and Settings\Administrator\Desktop\TC_Konektor\Data\OEE.txt: 0. Premiestnujem do C:\Documents and Settings\Administrator\Desktop\TC_Konektor\Data\Backup\OEE_10/02/2018 05:15:20.txt
10_02_2018 05_15_25 : Chyba nacitania suboru C:\Documents and Settings\Administrator\Desktop\TC_Konektor\Data\OEE.txt: 0. Premiestnujem do C:\Documents and Settings\Administrator\Desktop\TC_Konektor\Data\Backup\OEE_10/02/2018 05:15:23.txt
10_02_2018 05_15_28 : Chyba nacitania suboru C:\Documents and Settings\Administrator\Desktop\TC_Konektor\Data\OEE.txt: 0. Premiestnujem do C:\Documents and Settings\Administrator\Desktop\TC_Konektor\Data\Backup\OEE_10/02/2018 05:15:26.txt
10_02_2018 05_15_31 : Chyba nacitania suboru C:\Documents and Settings\Administrator\Desktop\TC_Konektor\Data\OEE.txt: 0. Premiestnujem do C:\Documents and Settings\Administrator\Desktop\TC_Konektor\Data\Backup\OEE_10/02/2018 05:15:29.txt
10_02_2018 05_15_34 : Chyba nacitania suboru C:\Documents and Settings\Administrator\Desktop\TC_Konektor\Data\OEE.txt: 0. Premiestnujem do C:\Documents and Settings\Administrator\Desktop\TC_Konektor\Data\Backup\OEE_10/02/2018 05:15:32.txt
10_02_2018 05_15_37 : Chyba nacitania suboru C:\Documents and Settings\Administrator\Desktop\TC_Konektor\Data\OEE.txt: 0. Premiestnujem do C:\Documents and Settings\Administrator\Desktop\TC_Konektor\Data\Backup\OEE_10/02/2018 05:15:35.txt
10_02_2018 05_15_40 : Chyba nacitania suboru C:\Documents and Settings\Administrator\Desktop\TC_Konektor\Data\OEE.txt: 0. Premiestnujem do C:\Documents and Settings\Administrator\Desktop\TC_Konektor\Data\Backup\OEE_10/02/2018 05:15:38.txt
10_02_2018 05_15_43 : Chyba nacitania suboru C:\Documents and Settings\Administrator\Desktop\TC_Konektor\Data\OEE.txt: 0. Premiestnujem do C:\Documents and Settings\Administrator\Desktop\TC_Konektor\Data\Backup\OEE_10/02/2018 05:15:41.txt
10_02_2018 05_15_46 : Chyba nacitania suboru C:\Documents and Settings\Administrator\Desktop\TC_Konektor\Data\OEE.txt: 0. Premiestnujem do C:\Documents and Settings\Administrator\Desktop\TC_Konektor\Data\Backup\OEE_10/02/2018 05:15:44.txt
10_02_2018 05_15_49 : Chyba nacitania suboru C:\Documents and Settings\Administrator\Desktop\TC_Konektor\Data\OEE.txt: 0. Premiestnujem do C:\Documents and Settings\Administrator\Desktop\TC_Konektor\Data\Backup\OEE_10/02/2018 05:15:47.txt
10_02_2018 05_15_52 : Chyba nacitania suboru C:\Documents and Settings\Administrator\Desktop\TC_Konektor\Data\OEE.txt: 0. Premiestnujem do C:\Documents and Settings\Administrator\Desktop\TC_Konektor\Data\Backup\OEE_10/02/2018 05:15:50.txt
10_02_2018 05_15_55 : Chyba nacitania suboru C:\Documents and Settings\Administrator\Desktop\TC_Konektor\Data\OEE.txt: 0. Premiestnujem do C:\Documents and Settings\Administrator\Desktop\TC_Konektor\Data\Backup\OEE_10/02/2018 05:15:53.txt
10_02_2018 05_15_58 : Chyba nacitania suboru C:\Documents and Settings\Administrator\Desktop\TC_Konektor\Data\OEE.txt: 0. Premiestnujem do C:\Documents and Settings\Administrator\Desktop\TC_Konektor\Data\Backup\OEE_10/02/2018 05:15:56.txt
10_02_2018 05_16_01 : Chyba nacitania suboru C:\Documents and Settings\Administrator\Desktop\TC_Konektor\Data\OEE.txt: 0. Premiestnujem do C:\Documents and Settings\Administrator\Desktop\TC_Konektor\Data\Backup\OEE_10/02/2018 05:15:59.txt
10_02_2018 05_16_04 : Chyba nacitania suboru C:\Documents and Settings\Administrator\Desktop\TC_Konektor\Data\OEE.txt: 0. Premiestnujem do C:\Documents and Settings\Administrator\Desktop\TC_Konektor\Data\Backup\OEE_10/02/2018 05:16:02.txt
10_02_2018 05_16_07 : Chyba nacitania suboru C:\Documents and Settings\Administrator\Desktop\TC_Konektor\Data\OEE.txt: 0. Premiestnujem do C:\Documents and Settings\Administrator\Desktop\TC_Konektor\Data\Backup\OEE_10/02/2018 05:16:05.txt
10_02_2018 05_16_10 : Chyba nacitania suboru C:\Documents and Settings\Administrator\Desktop\TC_Konektor\Data\OEE.txt: 0. Premiestnujem do C:\Documents and Settings\Administrator\Desktop\TC_Konektor\Data\Backup\OEE_10/02/2018 05:16:08.txt
10_02_2018 05_16_13 : Chyba nacitania suboru C:\Documents and Settings\Administrator\Desktop\TC_Konektor\Data\OEE.txt: 0. Premiestnujem do C:\Documents and Settings\Administrator\Desktop\TC_Konektor\Data\Backup\OEE_10/02/2018 05:16:11.txt
10_02_2018 05_16_16 : Chyba nacitania suboru C:\Documents and Settings\Administrator\Desktop\TC_Konektor\Data\OEE.txt: 0. Premiestnujem do C:\Documents and Settings\Administrator\Desktop\TC_Konektor\Data\Backup\OEE_10/02/2018 05:16:14.txt
10_02_2018 05_16_19 : Chyba nacitania suboru C:\Documents and Settings\Administrator\Desktop\TC_Konektor\Data\OEE.txt: 0. Premiestnujem do C:\Documents and Settings\Administrator\Desktop\TC_Konektor\Data\Backup\OEE_10/02/2018 05:16:17.txt
10_02_2018 05_16_23 : Chyba nacitania suboru C:\Documents and Settings\Administrator\Desktop\TC_Konektor\Data\OEE.txt: 0. Premiestnujem do C:\Documents and Settings\Administrator\Desktop\TC_Konektor\Data\Backup\OEE_10/02/2018 05:16:21.txt
10_02_2018 05_16_26 : Chyba nacitania suboru C:\Documents and Settings\Administrator\Desktop\TC_Konektor\Data\OEE.txt: 0. Premiestnujem do C:\Documents and Settings\Administrator\Desktop\TC_Konektor\Data\Backup\OEE_10/02/2018 05:16:24.txt
10_02_2018 05_16_29 : Chyba nacitania suboru C:\Documents and Settings\Administrator\Desktop\TC_Konektor\Data\OEE.txt: 0. Premiestnujem do C:\Documents and Settings\Administrator\Desktop\TC_Konektor\Data\Backup\OEE_10/02/2018 05:16:27.txt
10_02_2018 05_16_32 : Chyba nacitania suboru C:\Documents and Settings\Administrator\Desktop\TC_Konektor\Data\OEE.txt: 0. Premiestnujem do C:\Documents and Settings\Administrator\Desktop\TC_Konektor\Data\Backup\OEE_10/02/2018 05:16:30.txt
10_02_2018 05_16_35 : Chyba nacitania suboru C:\Documents and Settings\Administrator\Desktop\TC_Konektor\Data\OEE.txt: 0. Premiestnujem do C:\Documents and Settings\Administrator\Desktop\TC_Konektor\Data\Backup\OEE_10/02/2018 05:16:33.txt
10_02_2018 05_16_38 : Chyba nacitania suboru C:\Documents and Settings\Administrator\Desktop\TC_Konektor\Data\OEE.txt: 0. Premiestnujem do C:\Documents and Settings\Administrator\Desktop\TC_Konektor\Data\Backup\OEE_10/02/2018 05:16:36.txt
10_02_2018 05_16_41 : Chyba nacitania suboru C:\Documents and Settings\Administrator\Desktop\TC_Konektor\Data\OEE.txt: 0. Premiestnujem do C:\Documents and Settings\Administrator\Desktop\TC_Konektor\Data\Backup\OEE_10/02/2018 05:16:39.txt
10_02_2018 05_16_44 : Chyba nacitania suboru C:\Documents and Settings\Administrator\Desktop\TC_Konektor\Data\OEE.txt: 0. Premiestnujem do C:\Documents and Settings\Administrator\Desktop\TC_Konektor\Data\Backup\OEE_10/02/2018 05:16:42.txt
10_02_2018 05_16_47 : Chyba nacitania suboru C:\Documents and Settings\Administrator\Desktop\TC_Konektor\Data\OEE.txt: 0. Premiestnujem do C:\Documents and Settings\Administrator\Desktop\TC_Konektor\Data\Backup\OEE_10/02/2018 05:16:45.txt
10_02_2018 05_16_50 : Chyba nacitania suboru C:\Documents and Settings\Administrator\Desktop\TC_Konektor\Data\OEE.txt: 0. Premiestnujem do C:\Documents and Settings\Administrator\Desktop\TC_Konektor\Data\Backup\OEE_10/02/2018 05:16:48.txt
10_02_2018 05_16_53 : Chyba nacitania suboru C:\Documents and Settings\Administrator\Desktop\TC_Konektor\Data\OEE.txt: 0. Premiestnujem do C:\Documents and Settings\Administrator\Desktop\TC_Konektor\Data\Backup\OEE_10/02/2018 05:16:51.txt
10_02_2018 05_16_56 : Chyba nacitania suboru C:\Documents and Settings\Administrator\Desktop\TC_Konektor\Data\OEE.txt: 0. Premiestnujem do C:\Documents and Settings\Administrator\Desktop\TC_Konektor\Data\Backup\OEE_10/02/2018 05:16:54.txt
10_02_2018 05_16_59 : Chyba nacitania suboru C:\Documents and Settings\Administrator\Desktop\TC_Konektor\Data\OEE.txt: 0. Premiestnujem do C:\Documents and Settings\Administrator\Desktop\TC_Konektor\Data\Backup\OEE_10/02/2018 05:16:57.txt
10_02_2018 05_17_02 : Chyba nacitania suboru C:\Documents and Settings\Administrator\Desktop\TC_Konektor\Data\OEE.txt: 0. Premiestnujem do C:\Documents and Settings\Administrator\Desktop\TC_Konektor\Data\Backup\OEE_10/02/2018 05:17:00.txt
10_02_2018 05_17_05 : Chyba nacitania suboru C:\Documents and Settings\Administrator\Desktop\TC_Konektor\Data\OEE.txt: 0. Premiestnujem do C:\Documents and Settings\Administrator\Desktop\TC_Konektor\Data\Backup\OEE_10/02/2018 05:17:03.txt
10_02_2018 05_17_08 : Chyba nacitania suboru C:\Documents and Settings\Administrator\Desktop\TC_Konektor\Data\OEE.txt: 0. Premiestnujem do C:\Documents and Settings\Administrator\Desktop\TC_Konektor\Data\Backup\OEE_10/02/2018 05:17:06.txt
10_02_2018 05_17_11 : Chyba nacitania suboru C:\Documents and Settings\Administrator\Desktop\TC_Konektor\Data\OEE.txt: 0. Premiestnujem do C:\Documents and Settings\Administrator\Desktop\TC_Konektor\Data\Backup\OEE_10/02/2018 05:17:09.txt
10_02_2018 05_17_14 : Chyba nacitania suboru C:\Documents and Settings\Administrator\Desktop\TC_Konektor\Data\OEE.txt: 0. Premiestnujem do C:\Documents and Settings\Administrator\Desktop\TC_Konektor\Data\Backup\OEE_10/02/2018 05:17:12.txt
10_02_2018 05_17_17 : Chyba nacitania suboru C:\Documents and Settings\Administrator\Desktop\TC_Konektor\Data\OEE.txt: 0. Premiestnujem do C:\Documents and Settings\Administrator\Desktop\TC_Konektor\Data\Backup\OEE_10/02/2018 05:17:15.txt
10_02_2018 05_17_20 : Chyba nacitania suboru C:\Documents and Settings\Administrator\Desktop\TC_Konektor\Data\OEE.txt: 0. Premiestnujem do C:\Documents and Settings\Administrator\Desktop\TC_Konektor\Data\Backup\OEE_10/02/2018 05:17:18.txt
10_02_2018 05_17_23 : Chyba nacitania suboru C:\Documents and Settings\Administrator\Desktop\TC_Konektor\Data\OEE.txt: 0. Premiestnujem do C:\Documents and Settings\Administrator\Desktop\TC_Konektor\Data\Backup\OEE_10/02/2018 05:17:21.txt
10_02_2018 05_17_27 : Chyba nacitania suboru C:\Documents and Settings\Administrator\Desktop\TC_Konektor\Data\OEE.txt: 0. Premiestnujem do C:\Documents and Settings\Administrator\Desktop\TC_Konektor\Data\Backup\OEE_10/02/2018 05:17:25.txt
10_02_2018 05_17_30 : Chyba nacitania suboru C:\Documents and Settings\Administrator\Desktop\TC_Konektor\Data\OEE.txt: 0. Premiestnujem do C:\Documents and Settings\Administrator\Desktop\TC_Konektor\Data\Backup\OEE_10/02/2018 05:17:28.txt
10_02_2018 05_17_33 : Chyba nacitania suboru C:\Documents and Settings\Administrator\Desktop\TC_Konektor\Data\OEE.txt: 0. Premiestnujem do C:\Documents and Settings\Administrator\Desktop\TC_Konektor\Data\Backup\OEE_10/02/2018 05:17:31.txt
10_02_2018 05_17_36 : Chyba nacitania suboru C:\Documents and Settings\Administrator\Desktop\TC_Konektor\Data\OEE.txt: 0. Premiestnujem do C:\Documents and Settings\Administrator\Desktop\TC_Konektor\Data\Backup\OEE_10/02/2018 05:17:34.txt
10_02_2018 05_20_32 : Zmena hardwaroveho c. : (  ) na ( 00010524B0D7
10_02_2018 05_20_35 : Chyba nacitania suboru C:\Documents and Settings\Administrator\Desktop\TC_Konektor\Data\OEE.txt: 0. Premiestnujem do C:\Documents and Settings\Administrator\Desktop\TC_Konektor\Data\Backup\OEE_10/02/2018 05:20:33.txt
10_02_2018 05_20_38 : Chyba nacitania suboru C:\Documents and Settings\Administrator\Desktop\TC_Konektor\Data\OEE.txt: 0. Premiestnujem do C:\Documents and Settings\Administrator\Desktop\TC_Konektor\Data\Backup\OEE_10/02/2018 05:20:36.txt
10_02_2018 05_20_41 : Chyba nacitania suboru C:\Documents and Settings\Administrator\Desktop\TC_Konektor\Data\OEE.txt: 0. Premiestnujem do C:\Documents and Settings\Administrator\Desktop\TC_Konektor\Data\Backup\OEE_10/02/2018 05:20:39.txt
10_02_2018 05_20_44 : Chyba nacitania suboru C:\Documents and Settings\Administrator\Desktop\TC_Konektor\Data\OEE.txt: 0. Premiestnujem do C:\Documents and Settings\Administrator\Desktop\TC_Konektor\Data\Backup\OEE_10/02/2018 05:20:42.txt
10_02_2018 05_20_47 : Chyba nacitania suboru C:\Documents and Settings\Administrator\Desktop\TC_Konektor\Data\OEE.txt: 0. Premiestnujem do C:\Documents and Settings\Administrator\Desktop\TC_Konektor\Data\Backup\OEE_10/02/2018 05:20:45.txt
10_02_2018 05_20_50 : Chyba nacitania suboru C:\Documents and Settings\Administrator\Desktop\TC_Konektor\Data\OEE.txt: 0. Premiestnujem do C:\Documents and Settings\Administrator\Desktop\TC_Konektor\Data\Backup\OEE_10/02/2018 05:20:48.txt
10_02_2018 05_20_53 : Chyba nacitania suboru C:\Documents and Settings\Administrator\Desktop\TC_Konektor\Data\OEE.txt: 0. Premiestnujem do C:\Documents and Settings\Administrator\Desktop\TC_Konektor\Data\Backup\OEE_10/02/2018 05:20:51.txt
10_02_2018 05_20_56 : Chyba nacitania suboru C:\Documents and Settings\Administrator\Desktop\TC_Konektor\Data\OEE.txt: 0. Premiestnujem do C:\Documents and Settings\Administrator\Desktop\TC_Konektor\Data\Backup\OEE_10/02/2018 05:20:54.txt
10_02_2018 05_20_59 : Chyba nacitania suboru C:\Documents and Settings\Administrator\Desktop\TC_Konektor\Data\OEE.txt: 0. Premiestnujem do C:\Documents and Settings\Administrator\Desktop\TC_Konektor\Data\Backup\OEE_10/02/2018 05:20:57.txt
10_02_2018 05_21_02 : Chyba nacitania suboru C:\Documents and Settings\Administrator\Desktop\TC_Konektor\Data\OEE.txt: 0. Premiestnujem do C:\Documents and Settings\Administrator\Desktop\TC_Konektor\Data\Backup\OEE_10/02/2018 05:21:00.txt
10_02_2018 05_21_05 : Chyba nacitania suboru C:\Documents and Settings\Administrator\Desktop\TC_Konektor\Data\OEE.txt: 0. Premiestnujem do C:\Documents and Settings\Administrator\Desktop\TC_Konektor\Data\Backup\OEE_10/02/2018 05:21:03.txt
10_02_2018 05_21_08 : Chyba nacitania suboru C:\Documents and Settings\Administrator\Desktop\TC_Konektor\Data\OEE.txt: 0. Premiestnujem do C:\Documents and Settings\Administrator\Desktop\TC_Konektor\Data\Backup\OEE_10/02/2018 05:21:06.txt
10_02_2018 05_21_11 : Chyba nacitania suboru C:\Documents and Settings\Administrator\Desktop\TC_Konektor\Data\OEE.txt: 0. Premiestnujem do C:\Documents and Settings\Administrator\Desktop\TC_Konektor\Data\Backup\OEE_10/02/2018 05:21:09.txt
10_02_2018 05_21_14 : Chyba nacitania suboru C:\Documents and Settings\Administrator\Desktop\TC_Konektor\Data\OEE.txt: 0. Premiestnujem do C:\Documents and Settings\Administrator\Desktop\TC_Konektor\Data\Backup\OEE_10/02/2018 05:21:12.txt
10_02_2018 05_21_17 : Chyba nacitania suboru C:\Documents and Settings\Administrator\Desktop\TC_Konektor\Data\OEE.txt: 0. Premiestnujem do C:\Documents and Settings\Administrator\Desktop\TC_Konektor\Data\Backup\OEE_10/02/2018 05:21:15.txt
10_02_2018 05_21_20 : Chyba nacitania suboru C:\Documents and Settings\Administrator\Desktop\TC_Konektor\Data\OEE.txt: 0. Premiestnujem do C:\Documents and Settings\Administrator\Desktop\TC_Konektor\Data\Backup\OEE_10/02/2018 05:21:18.txt
10_02_2018 05_21_23 : Chyba nacitania suboru C:\Documents and Settings\Administrator\Desktop\TC_Konektor\Data\OEE.txt: 0. Premiestnujem do C:\Documents and Settings\Administrator\Desktop\TC_Konektor\Data\Backup\OEE_10/02/2018 05:21:21.txt
10_02_2018 05_21_26 : Chyba nacitania suboru C:\Documents and Settings\Administrator\Desktop\TC_Konektor\Data\OEE.txt: 0. Premiestnujem do C:\Documents and Settings\Administrator\Desktop\TC_Konektor\Data\Backup\OEE_10/02/2018 05:21:24.txt
10_02_2018 05_21_29 : Chyba nacitania suboru C:\Documents and Settings\Administrator\Desktop\TC_Konektor\Data\OEE.txt: 0. Premiestnujem do C:\Documents and Settings\Administrator\Desktop\TC_Konektor\Data\Backup\OEE_10/02/2018 05:21:27.txt
10_02_2018 05_21_32 : Chyba nacitania suboru C:\Documents and Settings\Administrator\Desktop\TC_Konektor\Data\OEE.txt: 0. Premiestnujem do C:\Documents and Settings\Administrator\Desktop\TC_Konektor\Data\Backup\OEE_10/02/2018 05:21:30.txt
10_02_2018 05_21_35 : Chyba nacitania suboru C:\Documents and Settings\Administrator\Desktop\TC_Konektor\Data\OEE.txt: 0. Premiestnujem do C:\Documents and Settings\Administrator\Desktop\TC_Konektor\Data\Backup\OEE_10/02/2018 05:21:33.txt
10_02_2018 05_21_38 : Chyba nacitania suboru C:\Documents and Settings\Administrator\Desktop\TC_Konektor\Data\OEE.txt: 0. Premiestnujem do C:\Documents and Settings\Administrator\Desktop\TC_Konektor\Data\Backup\OEE_10/02/2018 05:21:36.txt
10_02_2018 05_21_41 : Chyba nacitania suboru C:\Documents and Settings\Administrator\Desktop\TC_Konektor\Data\OEE.txt: 0. Premiestnujem do C:\Documents and Settings\Administrator\Desktop\TC_Konektor\Data\Backup\OEE_10/02/2018 05:21:39.txt
10_02_2018 05_21_44 : Chyba nacitania suboru C:\Documents and Settings\Administrator\Desktop\TC_Konektor\Data\OEE.txt: 0. Premiestnujem do C:\Documents and Settings\Administrator\Desktop\TC_Konektor\Data\Backup\OEE_10/02/2018 05:21:42.txt
10_02_2018 05_21_47 : Chyba nacitania suboru C:\Documents and Settings\Administrator\Desktop\TC_Konektor\Data\OEE.txt: 0. Premiestnujem do C:\Documents and Settings\Administrator\Desktop\TC_Konektor\Data\Backup\OEE_10/02/2018 05:21:45.txt
10_02_2018 05_21_50 : Chyba nacitania suboru C:\Documents and Settings\Administrator\Desktop\TC_Konektor\Data\OEE.txt: 0. Premiestnujem do C:\Documents and Settings\Administrator\Desktop\TC_Konektor\Data\Backup\OEE_10/02/2018 05:21:48.txt
10_02_2018 05_21_53 : Chyba nacitania suboru C:\Documents and Settings\Administrator\Desktop\TC_Konektor\Data\OEE.txt: 0. Premiestnujem do C:\Documents and Settings\Administrator\Desktop\TC_Konektor\Data\Backup\OEE_10/02/2018 05:21:51.txt
10_02_2018 05_21_56 : Chyba nacitania suboru C:\Documents and Settings\Administrator\Desktop\TC_Konektor\Data\OEE.txt: 0. Premiestnujem do C:\Documents and Settings\Administrator\Desktop\TC_Konektor\Data\Backup\OEE_10/02/2018 05:21:54.txt
10_02_2018 05_21_59 : Chyba nacitania suboru C:\Documents and Settings\Administrator\Desktop\TC_Konektor\Data\OEE.txt: 0. Premiestnujem do C:\Documents and Settings\Administrator\Desktop\TC_Konektor\Data\Backup\OEE_10/02/2018 05:21:57.txt
10_02_2018 05_22_02 : Chyba nacitania suboru C:\Documents and Settings\Administrator\Desktop\TC_Konektor\Data\OEE.txt: 0. Premiestnujem do C:\Documents and Settings\Administrator\Desktop\TC_Konektor\Data\Backup\OEE_10/02/2018 05:22:00.txt
10_02_2018 05_22_06 : Chyba nacitania suboru C:\Documents and Settings\Administrator\Desktop\TC_Konektor\Data\OEE.txt: 0. Premiestnujem do C:\Documents and Settings\Administrator\Desktop\TC_Konektor\Data\Backup\OEE_10/02/2018 05:22:03.txt
10_02_2018 05_22_09 : Chyba nacitania suboru C:\Documents and Settings\Administrator\Desktop\TC_Konektor\Data\OEE.txt: 0. Premiestnujem do C:\Documents and Settings\Administrator\Desktop\TC_Konektor\Data\Backup\OEE_10/02/2018 05:22:07.txt
10_02_2018 05_22_12 : Chyba nacitania suboru C:\Documents and Settings\Administrator\Desktop\TC_Konektor\Data\OEE.txt: 0. Premiestnujem do C:\Documents and Settings\Administrator\Desktop\TC_Konektor\Data\Backup\OEE_10/02/2018 05:22:10.txt
10_02_2018 05_22_13 : Zmena hardwaroveho c. : ( 00010524B0D7 ) na ( 
10_02_2018 05_22_15 : Chyba nacitania suboru C:\Documents and Settings\Administrator\Desktop\TC_Konektor\Data\OEE.txt: 0. Premiestnujem do C:\Documents and Settings\Administrator\Desktop\TC_Konektor\Data\Backup\OEE_10/02/2018 05:22:13.txt
10_02_2018 05_22_18 : Chyba nacitania suboru C:\Documents and Settings\Administrator\Desktop\TC_Konektor\Data\OEE.txt: 0. Premiestnujem do C:\Documents and Settings\Administrator\Desktop\TC_Konektor\Data\Backup\OEE_10/02/2018 05:22:16.txt
10_02_2018 05_22_21 : Chyba nacitania suboru C:\Documents and Settings\Administrator\Desktop\TC_Konektor\Data\OEE.txt: 0. Premiestnujem do C:\Documents and Settings\Administrator\Desktop\TC_Konektor\Data\Backup\OEE_10/02/2018 05:22:19.txt
10_02_2018 05_22_24 : Chyba nacitania suboru C:\Documents and Settings\Administrator\Desktop\TC_Konektor\Data\OEE.txt: 0. Premiestnujem do C:\Documents and Settings\Administrator\Desktop\TC_Konektor\Data\Backup\OEE_10/02/2018 05:22:22.txt
10_02_2018 05_22_27 : Chyba nacitania suboru C:\Documents and Settings\Administrator\Desktop\TC_Konektor\Data\OEE.txt: 0. Premiestnujem do C:\Documents and Settings\Administrator\Desktop\TC_Konektor\Data\Backup\OEE_10/02/2018 05:22:25.txt
10_02_2018 05_22_30 : Chyba nacitania suboru C:\Documents and Settings\Administrator\Desktop\TC_Konektor\Data\OEE.txt: 0. Premiestnujem do C:\Documents and Settings\Administrator\Desktop\TC_Konektor\Data\Backup\OEE_10/02/2018 05:22:28.txt
10_02_2018 05_22_33 : Chyba nacitania suboru C:\Documents and Settings\Administrator\Desktop\TC_Konektor\Data\OEE.txt: 0. Premiestnujem do C:\Documents and Settings\Administrator\Desktop\TC_Konektor\Data\Backup\OEE_10/02/2018 05:22:31.txt
10_02_2018 05_22_36 : Chyba nacitania suboru C:\Documents and Settings\Administrator\Desktop\TC_Konektor\Data\OEE.txt: 0. Premiestnujem do C:\Documents and Settings\Administrator\Desktop\TC_Konektor\Data\Backup\OEE_10/02/2018 05:22:34.txt
10_02_2018 05_22_39 : Chyba nacitania suboru C:\Documents and Settings\Administrator\Desktop\TC_Konektor\Data\OEE.txt: 0. Premiestnujem do C:\Documents and Settings\Administrator\Desktop\TC_Konektor\Data\Backup\OEE_10/02/2018 05:22:37.txt
10_02_2018 05_22_42 : Chyba nacitania suboru C:\Documents and Settings\Administrator\Desktop\TC_Konektor\Data\OEE.txt: 0. Premiestnujem do C:\Documents and Settings\Administrator\Desktop\TC_Konektor\Data\Backup\OEE_10/02/2018 05:22:40.txt
10_02_2018 05_22_45 : Chyba nacitania suboru C:\Documents and Settings\Administrator\Desktop\TC_Konektor\Data\OEE.txt: 0. Premiestnujem do C:\Documents and Settings\Administrator\Desktop\TC_Konektor\Data\Backup\OEE_10/02/2018 05:22:43.txt
10_02_2018 05_22_48 : Chyba nacitania suboru C:\Documents and Settings\Administrator\Desktop\TC_Konektor\Data\OEE.txt: 0. Premiestnujem do C:\Documents and Settings\Administrator\Desktop\TC_Konektor\Data\Backup\OEE_10/02/2018 05:22:46.txt
10_02_2018 05_22_52 : Chyba nacitania suboru C:\Documents and Settings\Administrator\Desktop\TC_Konektor\Data\OEE.txt: 0. Premiestnujem do C:\Documents and Settings\Administrator\Desktop\TC_Konektor\Data\Backup\OEE_10/02/2018 05:22:49.txt
10_02_2018 05_22_55 : Chyba nacitania suboru C:\Documents and Settings\Administrator\Desktop\TC_Konektor\Data\OEE.txt: 0. Premiestnujem do C:\Documents and Settings\Administrator\Desktop\TC_Konektor\Data\Backup\OEE_10/02/2018 05:22:53.txt
10_02_2018 05_22_58 : Chyba nacitania suboru C:\Documents and Settings\Administrator\Desktop\TC_Konektor\Data\OEE.txt: 0. Premiestnujem do C:\Documents and Settings\Administrator\Desktop\TC_Konektor\Data\Backup\OEE_10/02/2018 05:22:56.txt
10_02_2018 05_23_01 : Chyba nacitania suboru C:\Documents and Settings\Administrator\Desktop\TC_Konektor\Data\OEE.txt: 0. Premiestnujem do C:\Documents and Settings\Administrator\Desktop\TC_Konektor\Data\Backup\OEE_10/02/2018 05:22:59.txt
10_02_2018 05_23_04 : Chyba nacitania suboru C:\Documents and Settings\Administrator\Desktop\TC_Konektor\Data\OEE.txt: 0. Premiestnujem do C:\Documents and Settings\Administrator\Desktop\TC_Konektor\Data\Backup\OEE_10/02/2018 05:23:02.txt
10_02_2018 05_23_07 : Chyba nacitania suboru C:\Documents and Settings\Administrator\Desktop\TC_Konektor\Data\OEE.txt: 0. Premiestnujem do C:\Documents and Settings\Administrator\Desktop\TC_Konektor\Data\Backup\OEE_10/02/2018 05:23:05.txt
10_02_2018 05_23_10 : Chyba nacitania suboru C:\Documents and Settings\Administrator\Desktop\TC_Konektor\Data\OEE.txt: 0. Premiestnujem do C:\Documents and Settings\Administrator\Desktop\TC_Konektor\Data\Backup\OEE_10/02/2018 05:23:08.txt
10_02_2018 05_23_13 : Chyba nacitania suboru C:\Documents and Settings\Administrator\Desktop\TC_Konektor\Data\OEE.txt: 0. Premiestnujem do C:\Documents and Settings\Administrator\Desktop\TC_Konektor\Data\Backup\OEE_10/02/2018 05:23:11.txt
10_02_2018 05_23_16 : Chyba nacitania suboru C:\Documents and Settings\Administrator\Desktop\TC_Konektor\Data\OEE.txt: 0. Premiestnujem do C:\Documents and Settings\Administrator\Desktop\TC_Konektor\Data\Backup\OEE_10/02/2018 05:23:14.txt
10_02_2018 05_23_19 : Chyba nacitania suboru C:\Documents and Settings\Administrator\Desktop\TC_Konektor\Data\OEE.txt: 0. Premiestnujem do C:\Documents and Settings\Administrator\Desktop\TC_Konektor\Data\Backup\OEE_10/02/2018 05:23:17.txt
10_02_2018 05_23_22 : Chyba nacitania suboru C:\Documents and Settings\Administrator\Desktop\TC_Konektor\Data\OEE.txt: 0. Premiestnujem do C:\Documents and Settings\Administrator\Desktop\TC_Konektor\Data\Backup\OEE_10/02/2018 05:23:20.txt
10_02_2018 05_23_25 : Chyba nacitania suboru C:\Documents and Settings\Administrator\Desktop\TC_Konektor\Data\OEE.txt: 0. Premiestnujem do C:\Documents and Settings\Administrator\Desktop\TC_Konektor\Data\Backup\OEE_10/02/2018 05:23:23.txt
10_02_2018 05_23_28 : Chyba nacitania suboru C:\Documents and Settings\Administrator\Desktop\TC_Konektor\Data\OEE.txt: 0. Premiestnujem do C:\Documents and Settings\Administrator\Desktop\TC_Konektor\Data\Backup\OEE_10/02/2018 05:23:26.txt
10_02_2018 05_23_31 : Chyba nacitania suboru C:\Documents and Settings\Administrator\Desktop\TC_Konektor\Data\OEE.txt: 0. Premiestnujem do C:\Documents and Settings\Administrator\Desktop\TC_Konektor\Data\Backup\OEE_10/02/2018 05:23:29.txt
10_02_2018 05_23_34 : Chyba nacitania suboru C:\Documents and Settings\Administrator\Desktop\TC_Konektor\Data\OEE.txt: 0. Premiestnujem do C:\Documents and Settings\Administrator\Desktop\TC_Konektor\Data\Backup\OEE_10/02/2018 05:23:32.txt
10_02_2018 05_23_37 : Chyba nacitania suboru C:\Documents and Settings\Administrator\Desktop\TC_Konektor\Data\OEE.txt: 0. Premiestnujem do C:\Documents and Settings\Administrator\Desktop\TC_Konektor\Data\Backup\OEE_10/02/2018 05:23:35.txt
10_02_2018 05_23_40 : Chyba nacitania suboru C:\Documents and Settings\Administrator\Desktop\TC_Konektor\Data\OEE.txt: 0. Premiestnujem do C:\Documents and Settings\Administrator\Desktop\TC_Konektor\Data\Backup\OEE_10/02/2018 05:23:38.txt
10_02_2018 05_23_43 : Chyba nacitania suboru C:\Documents and Settings\Administrator\Desktop\TC_Konektor\Data\OEE.txt: 0. Premiestnujem do C:\Documents and Settings\Administrator\Desktop\TC_Konektor\Data\Backup\OEE_10/02/2018 05:23:41.txt
10_02_2018 05_23_46 : Chyba nacitania suboru C:\Documents and Settings\Administrator\Desktop\TC_Konektor\Data\OEE.txt: 0. Premiestnujem do C:\Documents and Settings\Administrator\Desktop\TC_Konektor\Data\Backup\OEE_10/02/2018 05:23:44.txt
10_02_2018 05_23_49 : Chyba nacitania suboru C:\Documents and Settings\Administrator\Desktop\TC_Konektor\Data\OEE.txt: 0. Premiestnujem do C:\Documents and Settings\Administrator\Desktop\TC_Konektor\Data\Backup\OEE_10/02/2018 05:23:47.txt
10_02_2018 05_23_51 : Chyba nacitania suboru C:\Documents and Settings\Administrator\Desktop\TC_Konektor\Data\OEE.txt: 0. Premiestnujem do C:\Documents and Settings\Administrator\Desktop\TC_Konektor\Data\Backup\OEE_10/02/2018 05:23:50.txt
10_02_2018 05_23_54 : Chyba nacitania suboru C:\Documents and Settings\Administrator\Desktop\TC_Konektor\Data\OEE.txt: 0. Premiestnujem do C:\Documents and Settings\Administrator\Desktop\TC_Konektor\Data\Backup\OEE_10/02/2018 05:23:52.txt
10_02_2018 05_23_57 : Chyba nacitania suboru C:\Documents and Settings\Administrator\Desktop\TC_Konektor\Data\OEE.txt: 0. Premiestnujem do C:\Documents and Settings\Administrator\Desktop\TC_Konektor\Data\Backup\OEE_10/02/2018 05:23:55.txt
10_02_2018 05_24_00 : Chyba nacitania suboru C:\Documents and Settings\Administrator\Desktop\TC_Konektor\Data\OEE.txt: 0. Premiestnujem do C:\Documents and Settings\Administrator\Desktop\TC_Konektor\Data\Backup\OEE_10/02/2018 05:23:58.txt
10_02_2018 05_24_03 : Chyba nacitania suboru C:\Documents and Settings\Administrator\Desktop\TC_Konektor\Data\OEE.txt: 0. Premiestnujem do C:\Documents and Settings\Administrator\Desktop\TC_Konektor\Data\Backup\OEE_10/02/2018 05:24:01.txt
10_02_2018 05_24_07 : Chyba nacitania suboru C:\Documents and Settings\Administrator\Desktop\TC_Konektor\Data\OEE.txt: 0. Premiestnujem do C:\Documents and Settings\Administrator\Desktop\TC_Konektor\Data\Backup\OEE_10/02/2018 05:24:04.txt
10_02_2018 05_24_10 : Chyba nacitania suboru C:\Documents and Settings\Administrator\Desktop\TC_Konektor\Data\OEE.txt: 0. Premiestnujem do C:\Documents and Settings\Administrator\Desktop\TC_Konektor\Data\Backup\OEE_10/02/2018 05:24:08.txt
10_02_2018 05_24_13 : Chyba nacitania suboru C:\Documents and Settings\Administrator\Desktop\TC_Konektor\Data\OEE.txt: 0. Premiestnujem do C:\Documents and Settings\Administrator\Desktop\TC_Konektor\Data\Backup\OEE_10/02/2018 05:24:11.txt
10_02_2018 05_24_16 : Chyba nacitania suboru C:\Documents and Settings\Administrator\Desktop\TC_Konektor\Data\OEE.txt: 0. Premiestnujem do C:\Documents and Settings\Administrator\Desktop\TC_Konektor\Data\Backup\OEE_10/02/2018 05:24:14.txt
10_02_2018 05_24_19 : Chyba nacitania suboru C:\Documents and Settings\Administrator\Desktop\TC_Konektor\Data\OEE.txt: 0. Premiestnujem do C:\Documents and Settings\Administrator\Desktop\TC_Konektor\Data\Backup\OEE_10/02/2018 05:24:17.txt
10_02_2018 05_24_22 : Chyba nacitania suboru C:\Documents and Settings\Administrator\Desktop\TC_Konektor\Data\OEE.txt: 0. Premiestnujem do C:\Documents and Settings\Administrator\Desktop\TC_Konektor\Data\Backup\OEE_10/02/2018 05:24:20.txt
10_02_2018 05_24_25 : Chyba nacitania suboru C:\Documents and Settings\Administrator\Desktop\TC_Konektor\Data\OEE.txt: 0. Premiestnujem do C:\Documents and Settings\Administrator\Desktop\TC_Konektor\Data\Backup\OEE_10/02/2018 05:24:23.txt
10_02_2018 05_24_28 : Chyba nacitania suboru C:\Documents and Settings\Administrator\Desktop\TC_Konektor\Data\OEE.txt: 0. Premiestnujem do C:\Documents and Settings\Administrator\Desktop\TC_Konektor\Data\Backup\OEE_10/02/2018 05:24:26.txt
10_02_2018 05_24_31 : Chyba nacitania suboru C:\Documents and Settings\Administrator\Desktop\TC_Konektor\Data\OEE.txt: 0. Premiestnujem do C:\Documents and Settings\Administrator\Desktop\TC_Konektor\Data\Backup\OEE_10/02/2018 05:24:29.txt
10_02_2018 05_24_34 : Chyba nacitania suboru C:\Documents and Settings\Administrator\Desktop\TC_Konektor\Data\OEE.txt: 0. Premiestnujem do C:\Documents and Settings\Administrator\Desktop\TC_Konektor\Data\Backup\OEE_10/02/2018 05:24:32.txt
10_02_2018 05_24_37 : Chyba nacitania suboru C:\Documents and Settings\Administrator\Desktop\TC_Konektor\Data\OEE.txt: 0. Premiestnujem do C:\Documents and Settings\Administrator\Desktop\TC_Konektor\Data\Backup\OEE_10/02/2018 05:24:35.txt
10_02_2018 05_24_40 : Chyba nacitania suboru C:\Documents and Settings\Administrator\Desktop\TC_Konektor\Data\OEE.txt: 0. Premiestnujem do C:\Documents and Settings\Administrator\Desktop\TC_Konektor\Data\Backup\OEE_10/02/2018 05:24:38.txt
10_02_2018 05_24_43 : Chyba nacitania suboru C:\Documents and Settings\Administrator\Desktop\TC_Konektor\Data\OEE.txt: 0. Premiestnujem do C:\Documents and Settings\Administrator\Desktop\TC_Konektor\Data\Backup\OEE_10/02/2018 05:24:41.txt
10_02_2018 05_24_55 : Zmena hardwaroveho c. : (  ) na ( 00010524B0D7
10_02_2018 05_25_48 : Chyba nacitania suboru C:\Documents and Settings\Administrator\Desktop\TC_Konektor\Data\OEE.txt: 0. Premiestnujem do C:\Documents and Settings\Administrator\Desktop\TC_Konektor\Data\Backup\OEE_10/02/2018 05:24:57.txt
10_02_2018 05_27_27 : Chyba nacitania suboru C:\Documents and Settings\Administrator\Desktop\TC_Konektor\Data\OEE.txt: 0. Premiestnujem do C:\Documents and Settings\Administrator\Desktop\TC_Konektor\Data\Backup\OEE_10_02_2018 05_27_20.txt
10_07_2018 08_15_49 : Zmena hardwaroveho c. : ( 00010524B0D7 ) na ( N/A              
10_07_2018 08_16_13 : Konfig Error : Can't connect to MySQL server on '10.26.48.23' (10060)
10_07_2018 08_16_37 : Konfig Error : Can't connect to MySQL server on '10.26.48.23' (10060)
10_07_2018 08_17_10 : Zmena hardwaroveho c. : ( N/A ) na ( N/A              
10_07_2018 08_19_02 : Zmena hardwaroveho c. : ( N/A ) na ( N/A              
10_07_2018 09_27_23 : Nenajdena MAC z IP: ( 192.168.0.206 )
10_07_2018 09_41_57 : Nenajdena MAC z IP: ( 192.168.0.206 )
